# JRE version: Java(TM) SE Runtime Environment (8.0_172-b11) (build 1.8.0_172-b11)
# Java VM: Java HotSpot(TM) 64-Bit Server VM (25.172-b11 mixed mode windows-amd64 compressed oops)
Heap:
 PSYoungGen      total 71680K, used 66730K [0x00000000d5580000, 0x00000000dde80000, 0x0000000100000000)
  eden space 66560K, 96% used [0x00000000d5580000,0x00000000d940aab8,0x00000000d9680000)
  from space 5120K, 52% used [0x00000000d9680000,0x00000000d9920040,0x00000000d9b80000)
  to   space 3584K, 0% used [0x00000000ddb00000,0x00000000ddb00000,0x00000000dde80000)
 ParOldGen       total 87552K, used 24K [0x0000000080000000, 0x0000000085580000, 0x00000000d5580000)
  object space 87552K, 0% used [0x0000000080000000,0x0000000080006000,0x0000000085580000)
 Metaspace       used 8523K, capacity 8816K, committed 9088K, reserved 1056768K
  class space    used 953K, capacity 1044K, committed 1152K, reserved 1048576K
GC Heap History (10 events):
Event: 9.629 GC heap before
{Heap before GC invocations=1 (full 0):
 PSYoungGen      total 38400K, used 33280K [0x00000000d5580000, 0x00000000d8000000, 0x0000000100000000)
  eden space 33280K, 100% used [0x00000000d5580000,0x00000000d7600000,0x00000000d7600000)
  from space 5120K, 0% used [0x00000000d7b00000,0x00000000d7b00000,0x00000000d8000000)
  to   space 5120K, 0% used [0x00000000d7600000,0x00000000d7600000,0x00000000d7b00000)
 ParOldGen       total 87552K, used 0K [0x0000000080000000, 0x0000000085580000, 0x00000000d5580000)
  object space 87552K, 0% used [0x0000000080000000,0x0000000080000000,0x0000000085580000)
 Metaspace       used 7180K, capacity 7268K, committed 7552K, reserved 1056768K
  class space    used 787K, capacity 830K, committed 896K, reserved 1048576K
Event: 9.636 GC heap after
Heap after GC invocations=1 (full 0):
 PSYoungGen      total 38400K, used 3405K [0x00000000d5580000, 0x00000000d8000000, 0x0000000100000000)
  eden space 33280K, 0% used [0x00000000d5580000,0x00000000d5580000,0x00000000d7600000)
  from space 5120K, 66% used [0x00000000d7600000,0x00000000d79534b8,0x00000000d7b00000)
  to   space 5120K, 0% used [0x00000000d7b00000,0x00000000d7b00000,0x00000000d8000000)
 ParOldGen       total 87552K, used 8K [0x0000000080000000, 0x0000000085580000, 0x00000000d5580000)
  object space 87552K, 0% used [0x0000000080000000,0x0000000080002000,0x0000000085580000)
 Metaspace       used 7180K, capacity 7268K, committed 7552K, reserved 1056768K
  class space    used 787K, capacity 830K, committed 896K, reserved 1048576K
}
Event: 10.410 GC heap before
{Heap before GC invocations=2 (full 0):
 PSYoungGen      total 38400K, used 36685K [0x00000000d5580000, 0x00000000d8000000, 0x0000000100000000)
  eden space 33280K, 100% used [0x00000000d5580000,0x00000000d7600000,0x00000000d7600000)
  from space 5120K, 66% used [0x00000000d7600000,0x00000000d79534b8,0x00000000d7b00000)
  to   space 5120K, 0% used [0x00000000d7b00000,0x00000000d7b00000,0x00000000d8000000)
 ParOldGen       total 87552K, used 8K [0x0000000080000000, 0x0000000085580000, 0x00000000d5580000)
  object space 87552K, 0% used [0x0000000080000000,0x0000000080002000,0x0000000085580000)
 Metaspace       used 7235K, capacity 7396K, committed 7552K, reserved 1056768K
  class space    used 788K, capacity 830K, committed 896K, reserved 1048576K
Event: 10.455 GC heap after
Heap after GC invocations=2 (full 0):
 PSYoungGen      total 38400K, used 2464K [0x00000000d5580000, 0x00000000da080000, 0x0000000100000000)
  eden space 33280K, 0% used [0x00000000d5580000,0x00000000d5580000,0x00000000d7600000)
  from space 5120K, 48% used [0x00000000d7b00000,0x00000000d7d68020,0x00000000d8000000)
  to   space 5120K, 0% used [0x00000000d7600000,0x00000000d7600000,0x00000000d7b00000)
 ParOldGen       total 87552K, used 16K [0x0000000080000000, 0x0000000085580000, 0x00000000d5580000)
  object space 87552K, 0% used [0x0000000080000000,0x0000000080004000,0x0000000085580000)
 Metaspace       used 7235K, capacity 7396K, committed 7552K, reserved 1056768K
  class space    used 788K, capacity 830K, committed 896K, reserved 1048576K
}
Event: 11.220 GC heap before
{Heap before GC invocations=3 (full 0):
 PSYoungGen      total 38400K, used 35744K [0x00000000d5580000, 0x00000000da080000, 0x0000000100000000)
  eden space 33280K, 100% used [0x00000000d5580000,0x00000000d7600000,0x00000000d7600000)
  from space 5120K, 48% used [0x00000000d7b00000,0x00000000d7d68020,0x00000000d8000000)
  to   space 5120K, 0% used [0x00000000d7600000,0x00000000d7600000,0x00000000d7b00000)
 ParOldGen       total 87552K, used 16K [0x0000000080000000, 0x0000000085580000, 0x00000000d5580000)
  object space 87552K, 0% used [0x0000000080000000,0x0000000080004000,0x0000000085580000)
 Metaspace       used 8297K, capacity 8520K, committed 8704K, reserved 1056768K
  class space    used 917K, capacity 974K, committed 1024K, reserved 1048576K
Event: 11.226 GC heap after
Heap after GC invocations=3 (full 0):
 PSYoungGen      total 38400K, used 2704K [0x00000000d5580000, 0x00000000da080000, 0x0000000100000000)
  eden space 33280K, 0% used [0x00000000d5580000,0x00000000d5580000,0x00000000d7600000)
  from space 5120K, 52% used [0x00000000d7600000,0x00000000d78a4030,0x00000000d7b00000)
  to   space 5120K, 0% used [0x00000000d9b80000,0x00000000d9b80000,0x00000000da080000)
 ParOldGen       total 87552K, used 24K [0x0000000080000000, 0x0000000085580000, 0x00000000d5580000)
  object space 87552K, 0% used [0x0000000080000000,0x0000000080006000,0x0000000085580000)
 Metaspace       used 8297K, capacity 8520K, committed 8704K, reserved 1056768K
  class space    used 917K, capacity 974K, committed 1024K, reserved 1048576K
}
Event: 11.621 GC heap before
{Heap before GC invocations=4 (full 0):
 PSYoungGen      total 38400K, used 35984K [0x00000000d5580000, 0x00000000da080000, 0x0000000100000000)
  eden space 33280K, 100% used [0x00000000d5580000,0x00000000d7600000,0x00000000d7600000)
  from space 5120K, 52% used [0x00000000d7600000,0x00000000d78a4030,0x00000000d7b00000)
  to   space 5120K, 0% used [0x00000000d9b80000,0x00000000d9b80000,0x00000000da080000)
 ParOldGen       total 87552K, used 24K [0x0000000080000000, 0x0000000085580000, 0x00000000d5580000)
  object space 87552K, 0% used [0x0000000080000000,0x0000000080006000,0x0000000085580000)
 Metaspace       used 8298K, capacity 8520K, committed 8704K, reserved 1056768K
  class space    used 917K, capacity 974K, committed 1024K, reserved 1048576K
Event: 11.631 GC heap after
Heap after GC invocations=4 (full 0):
 PSYoungGen      total 71680K, used 2624K [0x00000000d5580000, 0x00000000da080000, 0x0000000100000000)
  eden space 66560K, 0% used [0x00000000d5580000,0x00000000d5580000,0x00000000d9680000)
  from space 5120K, 51% used [0x00000000d9b80000,0x00000000d9e10040,0x00000000da080000)
  to   space 5120K, 0% used [0x00000000d9680000,0x00000000d9680000,0x00000000d9b80000)
 ParOldGen       total 87552K, used 24K [0x0000000080000000, 0x0000000085580000, 0x00000000d5580000)
  object space 87552K, 0% used [0x0000000080000000,0x0000000080006000,0x0000000085580000)
 Metaspace       used 8298K, capacity 8520K, committed 8704K, reserved 1056768K
  class space    used 917K, capacity 974K, committed 1024K, reserved 1048576K
}
Event: 12.543 GC heap before
{Heap before GC invocations=5 (full 0):
 PSYoungGen      total 71680K, used 69184K [0x00000000d5580000, 0x00000000da080000, 0x0000000100000000)
  eden space 66560K, 100% used [0x00000000d5580000,0x00000000d9680000,0x00000000d9680000)
  from space 5120K, 51% used [0x00000000d9b80000,0x00000000d9e10040,0x00000000da080000)
  to   space 5120K, 0% used [0x00000000d9680000,0x00000000d9680000,0x00000000d9b80000)
 ParOldGen       total 87552K, used 24K [0x0000000080000000, 0x0000000085580000, 0x00000000d5580000)
  object space 87552K, 0% used [0x0000000080000000,0x0000000080006000,0x0000000085580000)
 Metaspace       used 8477K, capacity 8724K, committed 9088K, reserved 1056768K
  class space    used 950K, capacity 1038K, committed 1152K, reserved 1048576K
Event: 12.573 GC heap after
Heap after GC invocations=5 (full 0):
 PSYoungGen      total 71680K, used 2688K [0x00000000d5580000, 0x00000000dde80000, 0x0000000100000000)
  eden space 66560K, 0% used [0x00000000d5580000,0x00000000d5580000,0x00000000d9680000)
  from space 5120K, 52% used [0x00000000d9680000,0x00000000d9920040,0x00000000d9b80000)
  to   space 3584K, 0% used [0x00000000ddb00000,0x00000000ddb00000,0x00000000dde80000)
 ParOldGen       total 87552K, used 24K [0x0000000080000000, 0x0000000085580000, 0x00000000d5580000)
  object space 87552K, 0% used [0x0000000080000000,0x0000000080006000,0x0000000085580000)
 Metaspace       used 8477K, capacity 8724K, committed 9088K, reserved 1056768K
  class space    used 950K, capacity 1038K, committed 1152K, reserved 1048576K
}

